<?xml version="1.0" encoding="UTF-8"?>
<testsuite xmlns:xsi="http://www.w3.org/2001/XMLSchema-instance" xsi:noNamespaceSchemaLocation="https://maven.apache.org/surefire/maven-surefire-plugin/xsd/surefire-test-report-3.0.xsd" version="3.0" name="com.span.learner.uaa.UaaTokenServiceTest" time="5.712" tests="5" errors="3" skipped="0" failures="0">
  <properties>
[...]
</properties>
  <testcase name="testFirstFetchStoresToken" classname="com.span.learner.uaa.UaaTokenServiceTest" time="5.529">
    <system-err><![CDATA[Mockito is currently self-attaching to enable the inline-mock-maker. This will no longer work in future releases of the JDK. Please add Mockito as an agent to your build as described in Mockito's documentation: https://javadoc.io/doc/org.mockito/mockito-core/latest/org.mockito/org/mockito/Mockito.html#0.3
WARNING: A Java agent has been loaded dynamically (/Users/rajeshkumarm/.m2/repository/net/bytebuddy/byte-buddy-agent/1.15.11/byte-buddy-agent-1.15.11.jar)
WARNING: If a serviceability tool is in use, please run with -XX:+EnableDynamicAgentLoading to hide this warning
WARNING: If a serviceability tool is not in use, please run with -Djdk.instrument.traceUsage for more information
WARNING: Dynamic loading of agents will be disallowed by default in a future release
]]></system-err>
  </testcase>
  <testcase name="testReuseCachedToken" classname="com.span.learner.uaa.UaaTokenServiceTest" time="0.011"/>
  <testcase name="testRestTemplateBodyIsCorrect" classname="com.span.learner.uaa.UaaTokenServiceTest" time="0.006">
    <error message="HttpMethod is required" type="java.lang.IllegalArgumentException"><![CDATA[java.lang.IllegalArgumentException: HttpMethod is required
	at org.springframework.util.Assert.notNull(Assert.java:181)
	at org.springframework.web.client.RestTemplate.doExecute(RestTemplate.java:881)
	at org.springframework.web.client.RestTemplate.execute(RestTemplate.java:801)
	at org.springframework.web.client.RestTemplate.exchange(RestTemplate.java:683)
	at com.span.learner.uaa.UaaTokenServiceTest.testRestTemplateBodyIsCorrect(UaaTokenServiceTest.java:115)
	at java.base/java.lang.reflect.Method.invoke(Method.java:565)
	at java.base/java.util.ArrayList.forEach(ArrayList.java:1604)
	at java.base/java.util.ArrayList.forEach(ArrayList.java:1604)
]]></error>
  </testcase>
  <testcase name="testInvalidJwtThrowsError" classname="com.span.learner.uaa.UaaTokenServiceTest" time="0.002">
    <error message="HttpMethod is required" type="java.lang.IllegalArgumentException"><![CDATA[java.lang.IllegalArgumentException: HttpMethod is required
	at org.springframework.util.Assert.notNull(Assert.java:181)
	at org.springframework.web.client.RestTemplate.doExecute(RestTemplate.java:881)
	at org.springframework.web.client.RestTemplate.execute(RestTemplate.java:801)
	at org.springframework.web.client.RestTemplate.exchange(RestTemplate.java:683)
	at com.span.learner.uaa.UaaTokenServiceTest.testInvalidJwtThrowsError(UaaTokenServiceTest.java:103)
	at java.base/java.lang.reflect.Method.invoke(Method.java:565)
	at java.base/java.util.ArrayList.forEach(ArrayList.java:1604)
	at java.base/java.util.ArrayList.forEach(ArrayList.java:1604)
]]></error>
  </testcase>
  <testcase name="testTokenRefreshWhenExpired" classname="com.span.learner.uaa.UaaTokenServiceTest" time="0.001">
    <error message="HttpMethod is required" type="java.lang.IllegalArgumentException"><![CDATA[java.lang.IllegalArgumentException: HttpMethod is required
	at org.springframework.util.Assert.notNull(Assert.java:181)
	at org.springframework.web.client.RestTemplate.doExecute(RestTemplate.java:881)
	at org.springframework.web.client.RestTemplate.execute(RestTemplate.java:801)
	at org.springframework.web.client.RestTemplate.exchange(RestTemplate.java:683)
	at com.span.learner.uaa.UaaTokenServiceTest.testTokenRefreshWhenExpired(UaaTokenServiceTest.java:88)
	at java.base/java.lang.reflect.Method.invoke(Method.java:565)
	at java.base/java.util.ArrayList.forEach(ArrayList.java:1604)
	at java.base/java.util.ArrayList.forEach(ArrayList.java:1604)
]]></error>
  </testcase>
</testsuite>